<?xml version="1.0" encoding="UTF-8"?>
<!-- Generated by org.testng.reporters.JUnitXMLReporter -->
<testsuite ignored="0" hostname="DESKTOP-2O0K76M" failures="0" tests="6" name="Default test" time="9.744" errors="0" timestamp="2023-11-25T23:03:03 EET">
  <testcase classname="tests.eCommerce_TestCases2" name="validLogin" time="0.707"/>
  <testcase classname="tests.eCommerce_TestCases2" name="addProductToCartTest" time="1.694"/>
  <testcase classname="tests.eCommerce_TestCases2" name="completeProductPurchase" time="2.298"/>
  <testcase classname="tests.eCommerce_TestCases2" name="verifyCheckoutErrorOnMissingInfo" time="1.609"/>
  <testcase classname="tests.eCommerce_TestCases2" name="logoutTest" time="0.589"/>
  <testcase classname="tests.eCommerce_TestCases2" name="invalidLoginTest" time="0.615"/>
</testsuite> <!-- Default test -->
