<?xml version="1.0" encoding="UTF-8"?>
<!-- Generated by org.testng.reporters.JUnitXMLReporter -->
<testsuite ignored="0" hostname="DESKTOP-2O0K76M" failures="0" tests="6" name="eCommerce End to End Testing" time="9.869" errors="0" timestamp="2023-11-25T23:15:16 EET">
  <testcase classname="tests.eCommerce_TestCases" name="validLogin" time="0.74"/>
  <testcase classname="tests.eCommerce_TestCases" name="addProductToCartTest" time="1.715"/>
  <testcase classname="tests.eCommerce_TestCases" name="completeProductPurchase" time="2.335"/>
  <testcase classname="tests.eCommerce_TestCases" name="verifyCheckoutErrorOnMissingInfo" time="1.618"/>
  <testcase classname="tests.eCommerce_TestCases" name="logoutTest" time="0.598"/>
  <testcase classname="tests.eCommerce_TestCases" name="invalidLoginTest" time="0.63"/>
</testsuite> <!-- eCommerce End to End Testing -->
