<?xml version="1.0" encoding="UTF-8"?>
<!-- Generated by org.testng.reporters.JUnitXMLReporter -->
<testsuite ignored="0" hostname="DESKTOP-2O0K76M" failures="0" tests="6" name="YourTestName" time="9.638" errors="0" timestamp="2023-11-25T23:08:24 EET">
  <testcase classname="tests.eCommerce_TestCases2" name="validLogin" time="0.721"/>
  <testcase classname="tests.eCommerce_TestCases2" name="addProductToCartTest" time="1.693"/>
  <testcase classname="tests.eCommerce_TestCases2" name="completeProductPurchase" time="2.296"/>
  <testcase classname="tests.eCommerce_TestCases2" name="verifyCheckoutErrorOnMissingInfo" time="1.609"/>
  <testcase classname="tests.eCommerce_TestCases2" name="logoutTest" time="0.59"/>
  <testcase classname="tests.eCommerce_TestCases2" name="invalidLoginTest" time="0.608"/>
</testsuite> <!-- YourTestName -->
