<?xml version="1.0" encoding="UTF-8"?>
<testng-results ignored="0" total="6" passed="6" failed="0" skipped="0">
  <reporter-output>
  </reporter-output>
  <suite started-at="2023-11-25T23:15:05 EET" name="Suite" finished-at="2023-11-25T23:15:15 EET" duration-ms="9869">
    <groups>
    </groups>
    <test started-at="2023-11-25T23:15:05 EET" name="eCommerce End to End Testing" finished-at="2023-11-25T23:15:15 EET" duration-ms="9869">
      <class name="tests.eCommerce_TestCases">
        <test-method is-config="true" signature="setUpTest()[pri:0, instance:tests.eCommerce_TestCases@f58853c]" started-at="2023-11-25T23:15:06 EET" name="setUpTest" finished-at="2023-11-25T23:15:08 EET" duration-ms="2051" status="PASS">
          <reporter-output>
          </reporter-output>
        </test-method> <!-- setUpTest -->
        <test-method signature="validLogin()[pri:1, instance:tests.eCommerce_TestCases@f58853c]" started-at="2023-11-25T23:15:08 EET" name="validLogin" finished-at="2023-11-25T23:15:08 EET" duration-ms="740" status="PASS">
          <reporter-output>
          </reporter-output>
        </test-method> <!-- validLogin -->
        <test-method signature="addProductToCartTest()[pri:2, instance:tests.eCommerce_TestCases@f58853c]" started-at="2023-11-25T23:15:08 EET" name="addProductToCartTest" finished-at="2023-11-25T23:15:10 EET" duration-ms="1715" status="PASS">
          <reporter-output>
          </reporter-output>
        </test-method> <!-- addProductToCartTest -->
        <test-method signature="completeProductPurchase()[pri:3, instance:tests.eCommerce_TestCases@f58853c]" started-at="2023-11-25T23:15:10 EET" name="completeProductPurchase" finished-at="2023-11-25T23:15:12 EET" duration-ms="2335" status="PASS">
          <reporter-output>
          </reporter-output>
        </test-method> <!-- completeProductPurchase -->
        <test-method signature="verifyCheckoutErrorOnMissingInfo()[pri:4, instance:tests.eCommerce_TestCases@f58853c]" started-at="2023-11-25T23:15:12 EET" name="verifyCheckoutErrorOnMissingInfo" finished-at="2023-11-25T23:15:14 EET" duration-ms="1618" status="PASS">
          <reporter-output>
          </reporter-output>
        </test-method> <!-- verifyCheckoutErrorOnMissingInfo -->
        <test-method signature="logoutTest()[pri:5, instance:tests.eCommerce_TestCases@f58853c]" started-at="2023-11-25T23:15:14 EET" name="logoutTest" finished-at="2023-11-25T23:15:15 EET" duration-ms="598" status="PASS">
          <reporter-output>
          </reporter-output>
        </test-method> <!-- logoutTest -->
        <test-method signature="invalidLoginTest()[pri:6, instance:tests.eCommerce_TestCases@f58853c]" started-at="2023-11-25T23:15:15 EET" name="invalidLoginTest" finished-at="2023-11-25T23:15:15 EET" duration-ms="630" status="PASS">
          <reporter-output>
          </reporter-output>
        </test-method> <!-- invalidLoginTest -->
        <test-method is-config="true" signature="tearDown()[pri:0, instance:tests.eCommerce_TestCases@f58853c]" started-at="2023-11-25T23:15:15 EET" name="tearDown" finished-at="2023-11-25T23:15:15 EET" duration-ms="141" status="PASS">
          <reporter-output>
          </reporter-output>
        </test-method> <!-- tearDown -->
      </class> <!-- tests.eCommerce_TestCases -->
    </test> <!-- eCommerce End to End Testing -->
  </suite> <!-- Suite -->
</testng-results>
